$ ./combine -M HybridNew datacard_01.root --frequentist --expectedFromGrid=0.975 --saveToys --fullBToys --saveHybridResult -T 200 -s13 -H ProfileLikelihood
./combine: /usr/lib64/libxml2.so.2: no version information available (required by /afs/cern.ch/cms/slc5_amd64_gcc462/cms/cmssw/CMSSW_5_2_5/external/slc5_amd64_gcc462/lib/libXMLParser.so)
>>> including systematics
>>> using the Profile Likelihood test statistics modified for upper limits (Q_LHC)
>>> method used to compute upper limit is HybridNew
>>> method used to hint where the upper limit is ProfileLikelihood
>>> random number generator seed is 13
Computing limit starting from observation

 -- Profile Likelihood -- 
Limit: r < 1.92074 @ 95% CL
Search for upper limit to the limit
  r = 5.76222 +/- 0
	CLs = 0 +/- 0
	CLs      = 0 +/- 0
	CLb      = 1 +/- 0
	CLsplusb = 0 +/- 0

Hybrid result saved as HypoTestResult_mh120_r5.76222_2608511150 in higgsCombineTest.HybridNew.mH120.13.quant0.975.root : higgsCombineTest.HybridNew.mH120.13.quant0.975.root:/toys
Search for lower limit to the limit
  r = 0.576222 +/- 0
	CLs = 0.57 +/- 0.0350071
	CLs      = 0.57 +/- 0.0350071
	CLb      = 1 +/- 0
	CLsplusb = 0.57 +/- 0.0350071

Hybrid result saved as HypoTestResult_mh120_r0.576222_3691240974 in higgsCombineTest.HybridNew.mH120.13.quant0.975.root : higgsCombineTest.HybridNew.mH120.13.quant0.975.root:/toys
Now doing proper bracketing & bisection
  r = 3.16922 +/- 2.593
	CLs = 0.04 +/- 0.0138564
	CLs = 0.0375 +/- 0.00949918
	CLs = 0.045 +/- 0.00846316
	CLs = 0.045 +/- 0.00732931
	CLs = 0.045 +/- 0.00655553
	CLs = 0.0441667 +/- 0.00593127
	CLs = 0.0435714 +/- 0.00545586
	CLs = 0.043125 +/- 0.00507846
	CLs = 0.0416667 +/- 0.00470995
	CLs      = 0.0416667 +/- 0.00470995
	CLb      = 1 +/- 0
	CLsplusb = 0.0416667 +/- 0.00470995

Hybrid result saved as HypoTestResult_mh120_r3.16922_2608519804 in higgsCombineTest.HybridNew.mH120.13.quant0.975.root : higgsCombineTest.HybridNew.mH120.13.quant0.975.root:/toys
Trying to move the interval edges closer
  r = 1.87272 +/- 0
	CLs = 0.145 +/- 0.0248973
	CLs      = 0.145 +/- 0.0248973
	CLb      = 1 +/- 0
	CLsplusb = 0.145 +/- 0.0248973

Hybrid result saved as HypoTestResult_mh120_r1.87272_3410295724 in higgsCombineTest.HybridNew.mH120.13.quant0.975.root : higgsCombineTest.HybridNew.mH120.13.quant0.975.root:/toys
  r = 2.52097 +/- 0
	CLs = 0.07 +/- 0.0180416
	CLs = 0.06 +/- 0.0118743
	CLs = 0.0716667 +/- 0.0105302
	CLs = 0.07 +/- 0.00902081
	CLs = 0.074 +/- 0.00827792
	CLs = 0.0841667 +/- 0.00801471
	CLs      = 0.0841667 +/- 0.00801471
	CLb      = 1 +/- 0
	CLsplusb = 0.0841667 +/- 0.00801471

Hybrid result saved as HypoTestResult_mh120_r2.52097_1281830707 in higgsCombineTest.HybridNew.mH120.13.quant0.975.root : higgsCombineTest.HybridNew.mH120.13.quant0.975.root:/toys
  r = 2.8451 +/- 0
	CLs = 0.05 +/- 0.015411
	CLs = 0.0575 +/- 0.0116398
	CLs = 0.0466667 +/- 0.00861093
	CLs = 0.0475 +/- 0.00752029
	CLs = 0.05 +/- 0.00689202
	CLs = 0.055 +/- 0.00658122
	CLs = 0.0528571 +/- 0.00597992
	CLs = 0.05 +/- 0.00544862
	CLs = 0.0494444 +/- 0.00510989
	CLs = 0.0475 +/- 0.00475625
	CLs      = 0.0475 +/- 0.00475625
	CLb      = 1 +/- 0
	CLsplusb = 0.0475 +/- 0.00475625

Hybrid result saved as HypoTestResult_mh120_r2.8451_2278804112 in higgsCombineTest.HybridNew.mH120.13.quant0.975.root : higgsCombineTest.HybridNew.mH120.13.quant0.975.root:/toys
  r = 4.46572 +/- 0
	CLs = 0 +/- 0
	CLs      = 0 +/- 0
	CLb      = 1 +/- 0
	CLsplusb = 0 +/- 0

Hybrid result saved as HypoTestResult_mh120_r4.46572_4265961882 in higgsCombineTest.HybridNew.mH120.13.quant0.975.root : higgsCombineTest.HybridNew.mH120.13.quant0.975.root:/toys
  r = 3.81747 +/- 0
	CLs = 0.01 +/- 0.00703562
	CLs      = 0.01 +/- 0.00703562
	CLb      = 1 +/- 0
	CLsplusb = 0.01 +/- 0.00703562

Hybrid result saved as HypoTestResult_mh120_r3.81747_2639060262 in higgsCombineTest.HybridNew.mH120.13.quant0.975.root : higgsCombineTest.HybridNew.mH120.13.quant0.975.root:/toys
  r = 3.49335 +/- 0
	CLs = 0.015 +/- 0.00859506
	CLs      = 0.015 +/- 0.00859506
	CLb      = 1 +/- 0
	CLsplusb = 0.015 +/- 0.00859506

Hybrid result saved as HypoTestResult_mh120_r3.49335_774411577 in higgsCombineTest.HybridNew.mH120.13.quant0.975.root : higgsCombineTest.HybridNew.mH120.13.quant0.975.root:/toys
  r = 3.33128 +/- 0
	CLs = 0.04 +/- 0.0138564
	CLs = 0.025 +/- 0.00780625
	CLs      = 0.025 +/- 0.00780625
	CLb      = 1 +/- 0
	CLsplusb = 0.025 +/- 0.00780625

Hybrid result saved as HypoTestResult_mh120_r3.33128_935869107 in higgsCombineTest.HybridNew.mH120.13.quant0.975.root : higgsCombineTest.HybridNew.mH120.13.quant0.975.root:/toys
  r = 3.25025 +/- 0
	CLs = 0.04 +/- 0.0138564
	CLs = 0.0375 +/- 0.00949918
	CLs = 0.04 +/- 0.008
	CLs = 0.03875 +/- 0.00682353
	CLs = 0.035 +/- 0.00581163
	CLs = 0.0333333 +/- 0.00518188
	CLs      = 0.0333333 +/- 0.00518188
	CLb      = 1 +/- 0
	CLsplusb = 0.0333333 +/- 0.00518188

Hybrid result saved as HypoTestResult_mh120_r3.25025_2681917304 in higgsCombineTest.HybridNew.mH120.13.quant0.975.root : higgsCombineTest.HybridNew.mH120.13.quant0.975.root:/toys

 -- HybridNew, before fit -- 
Limit: r < 3.16922 +/- 2.593 [2.52097, 3.25025]
Fit to 4 points: 2.90738 +/- 0.0485981

 -- Hybrid New -- 
Limit: r < 2.90738 +/- 0.0485981 @ 95% CL
Done in 0.00 min (cpu), 0.79 min (real)
