
 -- Profile Likelihood -- 
Limit: r < 9.2401 @ 95% CL
Search for upper limit to the limit
  r = 20 +/- 0
	CLs = 0 +/- 0
	CLs      = 0 +/- 0
	CLb      = 0.98 +/- 0.00989949
	CLsplusb = 0 +/- 0

Hybrid result saved as HypoTestResult_mh120_r20_2608511150 in higgsCombineTest.HybridNew.mH120.13.quant0.840.root : higgsCombineTest.HybridNew.mH120.13.quant0.840.root:/toys
Search for lower limit to the limit
  r = 2.77203 +/- 0
	CLs = 1 +/- 0
	CLs      = 1 +/- 0
	CLb      = 1 +/- 0
	CLsplusb = 1 +/- 0

Hybrid result saved as HypoTestResult_mh120_r2.77203_3691240974 in higgsCombineTest.HybridNew.mH120.13.quant0.840.root : higgsCombineTest.HybridNew.mH120.13.quant0.840.root:/toys
Now doing proper bracketing & bisection
  r = 11.386 +/- 8.61398
	CLs = 0.0052356 +/- 0.00522311
	CLs      = 0.0052356 +/- 0.00522311
	CLb      = 0.955 +/- 0.0146586
	CLsplusb = 0.005 +/- 0.00498748

Hybrid result saved as HypoTestResult_mh120_r11.386_3835331424 in higgsCombineTest.HybridNew.mH120.13.quant0.840.root : higgsCombineTest.HybridNew.mH120.13.quant0.840.root:/toys
  r = 7.68518 +/- 4.30699
	CLs = 0.00520833 +/- 0.00519584
	CLs      = 0.00520833 +/- 0.00519584
	CLb      = 0.96 +/- 0.0138564
	CLsplusb = 0.005 +/- 0.00498748

Hybrid result saved as HypoTestResult_mh120_r7.68518_769458328 in higgsCombineTest.HybridNew.mH120.13.quant0.840.root : higgsCombineTest.HybridNew.mH120.13.quant0.840.root:/toys
  r = 5.57155 +/- 2.45657
	CLs = 0.0721649 +/- 0.0186212
	CLs = 0.0717143 +/- 0.013089
	CLs = 0.0616327 +/- 0.00997635
	CLs = 0.0538735 +/- 0.008105
	CLs = 0.0522944 +/- 0.00714554
	CLs = 0.0495308 +/- 0.00635511
	CLs = 0.0504829 +/- 0.00593609
	CLs = 0.0511009 +/- 0.00557785
	CLs = 0.0483352 +/- 0.00512625
	CLs = 0.0460481 +/- 0.00475132
	CLs      = 0.0460481 +/- 0.00475132
	CLb      = 0.977238 +/- 0.00580979
	CLsplusb = 0.045 +/- 0.00463546

Hybrid result saved as HypoTestResult_mh120_r5.57155_3101044683 in higgsCombineTest.HybridNew.mH120.13.quant0.840.root : higgsCombineTest.HybridNew.mH120.13.quant0.840.root:/toys
Trying to move the interval edges closer
  r = 4.17179 +/- 0
	CLs = 0.139896 +/- 0.0251107
	CLs      = 0.139896 +/- 0.0251107
	CLb      = 0.965 +/- 0.0129952
	CLsplusb = 0.135 +/- 0.0241635

Hybrid result saved as HypoTestResult_mh120_r4.17179_150480712 in higgsCombineTest.HybridNew.mH120.13.quant0.840.root : higgsCombineTest.HybridNew.mH120.13.quant0.840.root:/toys
  r = 4.87167 +/- 0
	CLs = 0.0609137 +/- 0.0170569
	CLs = 0.0848668 +/- 0.01418
	CLs = 0.0910466 +/- 0.0119763
	CLs      = 0.0910466 +/- 0.0119763
	CLb      = 0.970199 +/- 0.00978464
	CLsplusb = 0.0883333 +/- 0.0115852

Hybrid result saved as HypoTestResult_mh120_r4.87167_251309215 in higgsCombineTest.HybridNew.mH120.13.quant0.840.root : higgsCombineTest.HybridNew.mH120.13.quant0.840.root:/toys
  r = 5.22161 +/- 0
	CLs = 0.0765306 +/- 0.0190204
	CLs = 0.079398 +/- 0.013719
	CLs = 0.0650567 +/- 0.0102326
	CLs = 0.0643222 +/- 0.00882705
	CLs = 0.0625482 +/- 0.0077762
	CLs = 0.0626225 +/- 0.0071208
	CLs = 0.061833 +/- 0.00655863
	CLs = 0.0610182 +/- 0.00608685
	CLs = 0.0657266 +/- 0.00594723
	CLs = 0.0626153 +/- 0.00550762
	CLs = 0.0647317 +/- 0.0053278
	CLs = 0.0648677 +/- 0.00510526
	CLs = 0.0657697 +/- 0.0049362
	CLs      = 0.0657697 +/- 0.0049362
	CLb      = 0.976601 +/- 0.00530493
	CLsplusb = 0.0642308 +/- 0.00480805

Hybrid result saved as HypoTestResult_mh120_r5.22161_1539031883 in higgsCombineTest.HybridNew.mH120.13.quant0.840.root : higgsCombineTest.HybridNew.mH120.13.quant0.840.root:/toys
  r = 5.39658 +/- 0
	CLs = 0.0773196 +/- 0.0192247
	CLs = 0.0617213 +/- 0.0122328
	CLs = 0.0599206 +/- 0.00984503
	CLs = 0.0538735 +/- 0.008105
	CLs = 0.0543452 +/- 0.00727713
	CLs = 0.0533069 +/- 0.00660779
	CLs = 0.0544719 +/- 0.00617713
	CLs = 0.0527657 +/- 0.00568873
	CLs = 0.0498079 +/- 0.00522126
	CLs = 0.0519992 +/- 0.00505384
	CLs = 0.053243 +/- 0.00486704
	CLs      = 0.053243 +/- 0.00486704
	CLb      = 0.973239 +/- 0.00605659
	CLsplusb = 0.0518182 +/- 0.0047258

Hybrid result saved as HypoTestResult_mh120_r5.39658_279535959 in higgsCombineTest.HybridNew.mH120.13.quant0.840.root : higgsCombineTest.HybridNew.mH120.13.quant0.840.root:/toys
  r = 6.62837 +/- 0
	CLs = 0.0357143 +/- 0.0132653
	CLs = 0.0231455 +/- 0.00763189
	CLs      = 0.0231455 +/- 0.00763189
	CLb      = 0.972112 +/- 0.0103928
	CLsplusb = 0.0225 +/- 0.00741514

Hybrid result saved as HypoTestResult_mh120_r6.62837_1240240663 in higgsCombineTest.HybridNew.mH120.13.quant0.840.root : higgsCombineTest.HybridNew.mH120.13.quant0.840.root:/toys
  r = 6.09996 +/- 0
	CLs = 0.0260417 +/- 0.0115058
	CLs = 0.0232407 +/- 0.00766389
	CLs      = 0.0232407 +/- 0.00766389
	CLb      = 0.968127 +/- 0.0110876
	CLsplusb = 0.0225 +/- 0.00741514

Hybrid result saved as HypoTestResult_mh120_r6.09996_37433772 in higgsCombineTest.HybridNew.mH120.13.quant0.840.root : higgsCombineTest.HybridNew.mH120.13.quant0.840.root:/toys
  r = 5.83576 +/- 0
	CLs = 0.040404 +/- 0.0139993
	CLs = 0.00594787 +/- 0.00419843
	CLs      = 0.00594787 +/- 0.00419843
	CLb      = 0.840637 +/- 0.0231026
	CLsplusb = 0.005 +/- 0.00352668

Hybrid result saved as HypoTestResult_mh120_r5.83576_2258482163 in higgsCombineTest.HybridNew.mH120.13.quant0.840.root : higgsCombineTest.HybridNew.mH120.13.quant0.840.root:/toys

 -- HybridNew, before fit -- 
Limit: r < 5.57155 +/- 2.45657 [5.22161, 5.83576]
Fit to 4 points: 5.38274 +/- 0.0242509

 -- Hybrid New -- 
Limit: r < 5.38274 +/- 0.0242509 @ 95% CL
Done in 0.00 min (cpu), 0.16 min (real)
