
 -- Profile Likelihood -- 
Limit: r < 1.92074 @ 95% CL
Search for upper limit to the limit
  r = 5.76222 +/- 0
	CLs = 0 +/- 0
	CLs = 0.00555556 +/- 0.00391963
	CLs = 0.00368324 +/- 0.00260056
	CLs = 0.00277393 +/- 0.00195928
	CLs = 0.00222222 +/- 0.00156995
	CLs = 0.00184332 +/- 0.00130245
	CLs = 0.00157604 +/- 0.00111372
	CLs = 0.00207469 +/- 0.00119682
	CLs = 0.00183374 +/- 0.00105792
	CLs = 0.00219539 +/- 0.0010967
	CLs      = 0.00219539 +/- 0.0010967
	CLb      = 0.911 +/- 0.00636706
	CLsplusb = 0.002 +/- 0.000998999

Hybrid result saved as HypoTestResult_mh120_r5.76222_1947549666 in higgsCombineTest.HybridNew.mH120.13.quant0.160.root : higgsCombineTest.HybridNew.mH120.13.quant0.160.root:/toys
Search for lower limit to the limit
  r = 0.576222 +/- 0
	CLs = 1 +/- 0
	CLs = 1 +/- 0
	CLs = 1 +/- 0
	CLs = 1 +/- 0
	CLs = 1 +/- 0
	CLs = 1 +/- 0
	CLs = 1 +/- 0
	CLs = 1 +/- 0
	CLs = 1 +/- 0
	CLs = 1 +/- 0
	CLs      = 1 +/- 0
	CLb      = 1 +/- 0
	CLsplusb = 1 +/- 0

Hybrid result saved as HypoTestResult_mh120_r0.576222_2842891081 in higgsCombineTest.HybridNew.mH120.13.quant0.160.root : higgsCombineTest.HybridNew.mH120.13.quant0.160.root:/toys
Now doing proper bracketing & bisection
  r = 3.11418 +/- 2.593
	CLs = 0.0378378 +/- 0.0140695
	CLs = 0.0409239 +/- 0.0103958
	CLs = 0.041793 +/- 0.00857627
	CLs = 0.0414969 +/- 0.00746774
	CLs = 0.047989 +/- 0.00720522
	CLs = 0.0512387 +/- 0.00679907
	CLs = 0.0484553 +/- 0.00611011
	CLs = 0.0537187 +/- 0.00602289
	CLs = 0.0494008 +/- 0.00544034
	CLs = 0.0499242 +/- 0.00518279
	CLs = 0.0494176 +/- 0.00491788
	CLs      = 0.0494176 +/- 0.00491788
	CLb      = 0.901408 +/- 0.011188
	CLsplusb = 0.0445455 +/- 0.00439841

Hybrid result saved as HypoTestResult_mh120_r3.11418_2278804112 in higgsCombineTest.HybridNew.mH120.13.quant0.160.root : higgsCombineTest.HybridNew.mH120.13.quant0.160.root:/toys
Trying to move the interval edges closer
  r = 1.8452 +/- 0
	CLs = 0.170455 +/- 0.0290349
	CLs      = 0.170455 +/- 0.0290349
	CLb      = 0.88 +/- 0.0229783
	CLsplusb = 0.15 +/- 0.0252488

Hybrid result saved as HypoTestResult_mh120_r1.8452_4265961882 in higgsCombineTest.HybridNew.mH120.13.quant0.160.root : higgsCombineTest.HybridNew.mH120.13.quant0.160.root:/toys
  r = 2.47969 +/- 0
	CLs = 0.0706522 +/- 0.019005
	CLs = 0.0616774 +/- 0.0125294
	CLs = 0.0593214 +/- 0.010084
	CLs = 0.0618826 +/- 0.00890444
	CLs = 0.06464 +/- 0.00814004
	CLs = 0.064539 +/- 0.00742109
	CLs = 0.0649502 +/- 0.00687009
	CLs = 0.069625 +/- 0.00664841
	CLs = 0.0706698 +/- 0.00633957
	CLs      = 0.0706698 +/- 0.00633957
	CLb      = 0.927632 +/- 0.0105078
	CLsplusb = 0.0655556 +/- 0.00583372

Hybrid result saved as HypoTestResult_mh120_r2.47969_2312359393 in higgsCombineTest.HybridNew.mH120.13.quant0.160.root : higgsCombineTest.HybridNew.mH120.13.quant0.160.root:/toys
  r = 2.79694 +/- 0
	CLs = 0.0621469 +/- 0.0182842
	CLs = 0.0613556 +/- 0.0127842
	CLs = 0.0585697 +/- 0.0101291
	CLs = 0.0575543 +/- 0.00869666
	CLs = 0.0624065 +/- 0.00808366
	CLs = 0.0619792 +/- 0.00735403
	CLs = 0.064932 +/- 0.00696987
	CLs = 0.0678433 +/- 0.00666426
	CLs = 0.0642809 +/- 0.00610804
	CLs = 0.0631769 +/- 0.00574046
	CLs = 0.0619676 +/- 0.00542813
	CLs = 0.0635074 +/- 0.00525339
	CLs = 0.0648028 +/- 0.00509193
	CLs = 0.0654375 +/- 0.00492199
	CLs      = 0.0654375 +/- 0.00492199
	CLb      = 0.922364 +/- 0.00910915
	CLsplusb = 0.0603571 +/- 0.00450056

Hybrid result saved as HypoTestResult_mh120_r2.79694_3491126264 in higgsCombineTest.HybridNew.mH120.13.quant0.160.root : higgsCombineTest.HybridNew.mH120.13.quant0.160.root:/toys
  r = 2.95556 +/- 0
	CLs = 0.0446927 +/- 0.0155198
	CLs = 0.0472013 +/- 0.0112458
	CLs = 0.0466049 +/- 0.00917132
	CLs = 0.0375828 +/- 0.0071416
	CLs = 0.0368287 +/- 0.00633521
	CLs = 0.0374486 +/- 0.00585421
	CLs = 0.0400697 +/- 0.00559926
	CLs = 0.0400063 +/- 0.00523757
	CLs = 0.0411316 +/- 0.00500324
	CLs = 0.0413271 +/- 0.0047465
	CLs      = 0.0413271 +/- 0.0047465
	CLb      = 0.895296 +/- 0.0119268
	CLsplusb = 0.037 +/- 0.00422084

Hybrid result saved as HypoTestResult_mh120_r2.95556_2869856110 in higgsCombineTest.HybridNew.mH120.13.quant0.160.root : higgsCombineTest.HybridNew.mH120.13.quant0.160.root:/toys
  r = 4.4382 +/- 0
	CLs = 0.0222222 +/- 0.0110119
	CLs = 0.010913 +/- 0.00543316
	CLs      = 0.010913 +/- 0.00543316
	CLb      = 0.916335 +/- 0.0174768
	CLsplusb = 0.01 +/- 0.00497494

Hybrid result saved as HypoTestResult_mh120_r4.4382_1060765463 in higgsCombineTest.HybridNew.mH120.13.quant0.160.root : higgsCombineTest.HybridNew.mH120.13.quant0.160.root:/toys
  r = 3.77619 +/- 0
	CLs = 0.0289017 +/- 0.0127882
	CLs = 0.025906 +/- 0.00856129
	CLs = 0.0249746 +/- 0.00687422
	CLs      = 0.0249746 +/- 0.00687422
	CLb      = 0.86755 +/- 0.0195061
	CLsplusb = 0.0216667 +/- 0.0059438

Hybrid result saved as HypoTestResult_mh120_r3.77619_1394069308 in higgsCombineTest.HybridNew.mH120.13.quant0.160.root : higgsCombineTest.HybridNew.mH120.13.quant0.160.root:/toys
  r = 3.44519 +/- 0
	CLs = 0.0227273 +/- 0.0112651
	CLs = 0.0283937 +/- 0.00889047
	CLs = 0.0280669 +/- 0.00717801
	CLs      = 0.0280669 +/- 0.00717801
	CLb      = 0.890728 +/- 0.0179524
	CLsplusb = 0.025 +/- 0.00637377

Hybrid result saved as HypoTestResult_mh120_r3.44519_2986915473 in higgsCombineTest.HybridNew.mH120.13.quant0.160.root : higgsCombineTest.HybridNew.mH120.13.quant0.160.root:/toys
  r = 3.27969 +/- 0
	CLs = 0.0449438 +/- 0.015609
	CLs = 0.0418333 +/- 0.0106348
	CLs = 0.0442491 +/- 0.00888864
	CLs = 0.0467368 +/- 0.00788234
	CLs = 0.0458595 +/- 0.00696052
	CLs = 0.0463729 +/- 0.00638782
	CLs = 0.0425665 +/- 0.00565231
	CLs = 0.0421558 +/- 0.00527568
	CLs = 0.0422978 +/- 0.00498222
	CLs      = 0.0422978 +/- 0.00498222
	CLb      = 0.919408 +/- 0.0110395
	CLsplusb = 0.0388889 +/- 0.00455684

Hybrid result saved as HypoTestResult_mh120_r3.27969_1629224065 in higgsCombineTest.HybridNew.mH120.13.quant0.160.root : higgsCombineTest.HybridNew.mH120.13.quant0.160.root:/toys

 -- HybridNew, before fit -- 
Limit: r < 3.11418 +/- 2.593 [2.79694, 3.44519]
Fit to 5 points: 2.9965 +/- 0.0506694

 -- Hybrid New -- 
Limit: r < 2.9965 +/- 0.0506694 @ 95% CL
Done in 0.00 min (cpu), 0.28 min (real)
