
 -- Profile Likelihood -- 
Limit: r < 1.92075 @ 95% CL
Search for upper limit to the limit
  r = 5.76226 +/- 0
	CLs = 0.024 +/- 0.0138148
	CLs = 0.021097 +/- 0.00941646
	CLs = 0.022792 +/- 0.00804257
	CLs = 0.0172043 +/- 0.00607413
	CLs = 0.0210896 +/- 0.00607919
	CLs = 0.0177778 +/- 0.0051263
	CLs = 0.0154242 +/- 0.00444874
	CLs = 0.0168729 +/- 0.00435247
	CLs = 0.016129 +/- 0.00402893
	CLs = 0.0154545 +/- 0.00374538
	CLs      = 0.0154545 +/- 0.00374538
	CLb      = 0.55 +/- 0.0111243
	CLsplusb = 0.0085 +/- 0.00205277

Hybrid result saved as HypoTestResult_mh120_r5.76226_1947549666 in higgsCombineTest.HybridNew.mH120.13.quant0.500.root : higgsCombineTest.HybridNew.mH120.13.quant0.500.root:/toys
Search for lower limit to the limit
  r = 0.576226 +/- 0
	CLs = 1 +/- 0
	CLs = 1 +/- 0
	CLs = 1 +/- 0
	CLs = 1 +/- 0
	CLs = 1 +/- 0
	CLs = 1 +/- 0
	CLs = 1 +/- 0
	CLs = 1 +/- 0
	CLs = 1 +/- 0
	CLs = 1 +/- 0
	CLs      = 1 +/- 0
	CLb      = 1 +/- 0
	CLsplusb = 1 +/- 0

Hybrid result saved as HypoTestResult_mh120_r0.576226_2842891081 in higgsCombineTest.HybridNew.mH120.13.quant0.500.root : higgsCombineTest.HybridNew.mH120.13.quant0.500.root:/toys
Now doing proper bracketing & bisection
  r = 4.30201 +/- 2.59302
	CLs = 0.0277778 +/- 0.0160197
	CLs = 0.0582679 +/- 0.0162297
	CLs = 0.0565543 +/- 0.0127266
	CLs = 0.0480983 +/- 0.0101046
	CLs = 0.0536432 +/- 0.0095846
	CLs = 0.0484649 +/- 0.00841394
	CLs = 0.0496809 +/- 0.00797156
	CLs = 0.0512911 +/- 0.00760616
	CLs = 0.0522636 +/- 0.00723876
	CLs = 0.0535987 +/- 0.00699717
	CLs = 0.051252 +/- 0.00653204
	CLs = 0.0499113 +/- 0.00617166
	CLs = 0.0510307 +/- 0.00601553
	CLs = 0.0512636 +/- 0.00581862
	CLs = 0.0505794 +/- 0.00560734
	CLs = 0.0478758 +/- 0.00523804
	CLs = 0.0492905 +/- 0.0051358
	CLs = 0.0498051 +/- 0.00503903
	CLs = 0.0494977 +/- 0.00489014
	CLs      = 0.0494977 +/- 0.00489014
	CLb      = 0.568873 +/- 0.0148112
	CLsplusb = 0.0281579 +/- 0.00268353

Hybrid result saved as HypoTestResult_mh120_r4.30201_3104697120 in higgsCombineTest.HybridNew.mH120.13.quant0.500.root : higgsCombineTest.HybridNew.mH120.13.quant0.500.root:/toys
Trying to move the interval edges closer
  r = 2.43912 +/- 0
	CLs = 0.177966 +/- 0.0382083
	CLs      = 0.177966 +/- 0.0382083
	CLb      = 0.59 +/- 0.0347779
	CLsplusb = 0.105 +/- 0.0216766

Hybrid result saved as HypoTestResult_mh120_r2.43912_4033431923 in higgsCombineTest.HybridNew.mH120.13.quant0.500.root : higgsCombineTest.HybridNew.mH120.13.quant0.500.root:/toys
  r = 3.37056 +/- 0
	CLs = 0.0695652 +/- 0.0244664
	CLs = 0.104583 +/- 0.0214656
	CLs = 0.105217 +/- 0.0175112
	CLs      = 0.105217 +/- 0.0175112
	CLb      = 0.586093 +/- 0.028342
	CLsplusb = 0.0616667 +/- 0.00982038

Hybrid result saved as HypoTestResult_mh120_r3.37056_2019226743 in higgsCombineTest.HybridNew.mH120.13.quant0.500.root : higgsCombineTest.HybridNew.mH120.13.quant0.500.root:/toys
  r = 3.83628 +/- 0
	CLs = 0.0854701 +/- 0.0268309
	CLs = 0.0795423 +/- 0.0188422
	CLs = 0.0693214 +/- 0.0146214
	CLs = 0.0735417 +/- 0.0130048
	CLs = 0.0790044 +/- 0.0121617
	CLs = 0.074916 +/- 0.0109616
	CLs = 0.0717638 +/- 0.00991831
	CLs = 0.0684836 +/- 0.009066
	CLs = 0.0625882 +/- 0.00806731
	CLs = 0.0632284 +/- 0.0076842
	CLs = 0.0622807 +/- 0.0072712
	CLs = 0.0598689 +/- 0.0068119
	CLs = 0.0609548 +/- 0.00662497
	CLs = 0.0610138 +/- 0.00635078
	CLs = 0.0636441 +/- 0.00628953
	CLs = 0.0628485 +/- 0.006045
	CLs = 0.0639587 +/- 0.00595632
	CLs = 0.0635119 +/- 0.00575058
	CLs = 0.0645365 +/- 0.00570272
	CLs = 0.0648444 +/- 0.00557052
	CLs = 0.0654534 +/- 0.005457
	CLs = 0.0659674 +/- 0.00536554
	CLs = 0.0656557 +/- 0.00524515
	CLs = 0.0657783 +/- 0.00513395
	CLs      = 0.0657783 +/- 0.00513395
	CLb      = 0.554261 +/- 0.0134141
	CLsplusb = 0.0364583 +/- 0.00270529

Hybrid result saved as HypoTestResult_mh120_r3.83628_51702 in higgsCombineTest.HybridNew.mH120.13.quant0.500.root : higgsCombineTest.HybridNew.mH120.13.quant0.500.root:/toys
  r = 4.06915 +/- 0
	CLs = 0.0462963 +/- 0.020666
	CLs = 0.0636594 +/- 0.0171042
	CLs = 0.0793131 +/- 0.015772
	CLs = 0.0727593 +/- 0.013316
	CLs = 0.0701784 +/- 0.0117947
	CLs = 0.0683743 +/- 0.0105471
	CLs = 0.0680952 +/- 0.00966938
	CLs = 0.0670806 +/- 0.00903556
	CLs = 0.0687876 +/- 0.00863677
	CLs = 0.0694672 +/- 0.00832015
	CLs = 0.0683021 +/- 0.0078718
	CLs = 0.0667131 +/- 0.0074615
	CLs = 0.0667136 +/- 0.00722243
	CLs = 0.0684168 +/- 0.00703826
	CLs = 0.0695297 +/- 0.00686135
	CLs = 0.067662 +/- 0.00649208
	CLs = 0.0662825 +/- 0.00625427
	CLs = 0.0641828 +/- 0.00597819
	CLs = 0.0645588 +/- 0.00582856
	CLs = 0.0642205 +/- 0.0056475
	CLs = 0.0645008 +/- 0.00553738
	CLs = 0.0648037 +/- 0.00541728
	CLs = 0.0645823 +/- 0.00527866
	CLs = 0.0650271 +/- 0.00518951
	CLs = 0.0655521 +/- 0.00509786
	CLs      = 0.0655521 +/- 0.00509786
	CLb      = 0.540028 +/- 0.0132074
	CLsplusb = 0.0354 +/- 0.00261331

Hybrid result saved as HypoTestResult_mh120_r4.06915_291703436 in higgsCombineTest.HybridNew.mH120.13.quant0.500.root : higgsCombineTest.HybridNew.mH120.13.quant0.500.root:/toys
  r = 4.18558 +/- 0
	CLs = 0.0416667 +/- 0.0185561
	CLs = 0.0418333 +/- 0.0132409
	CLs = 0.0410326 +/- 0.0106308
	CLs = 0.0384576 +/- 0.00886494
	CLs = 0.0392551 +/- 0.00806785
	CLs = 0.0394116 +/- 0.00737701
	CLs = 0.039234 +/- 0.00689693
	CLs = 0.0424795 +/- 0.00670936
	CLs = 0.0439766 +/- 0.00649997
	CLs = 0.0418147 +/- 0.00598997
	CLs = 0.0405321 +/- 0.00564177
	CLs = 0.043207 +/- 0.00556617
	CLs = 0.042853 +/- 0.00535481
	CLs = 0.0457744 +/- 0.00537681
	CLs = 0.0459008 +/- 0.0052246
	CLs = 0.0459015 +/- 0.00503853
	CLs = 0.0468644 +/- 0.00495094
	CLs      = 0.0468644 +/- 0.00495094
	CLb      = 0.583661 +/- 0.0154653
	CLsplusb = 0.0273529 +/- 0.00279731

Hybrid result saved as HypoTestResult_mh120_r4.18558_1020737301 in higgsCombineTest.HybridNew.mH120.13.quant0.500.root : higgsCombineTest.HybridNew.mH120.13.quant0.500.root:/toys
  r = 5.03213 +/- 0
	CLs = 0.0578512 +/- 0.0217325
	CLs = 0.033245 +/- 0.0117604
	CLs = 0.0289272 +/- 0.0091827
	CLs = 0.0217365 +/- 0.00690259
	CLs      = 0.0217365 +/- 0.00690259
	CLb      = 0.575071 +/- 0.0263107
	CLsplusb = 0.0125 +/- 0.00392806

Hybrid result saved as HypoTestResult_mh120_r5.03213_1183283568 in higgsCombineTest.HybridNew.mH120.13.quant0.500.root : higgsCombineTest.HybridNew.mH120.13.quant0.500.root:/toys
  r = 4.66707 +/- 0
	CLs = 0 +/- 0
	CLs      = 0 +/- 0
	CLb      = 0.535 +/- 0.0352686
	CLsplusb = 0 +/- 0

Hybrid result saved as HypoTestResult_mh120_r4.66707_798666530 in higgsCombineTest.HybridNew.mH120.13.quant0.500.root : higgsCombineTest.HybridNew.mH120.13.quant0.500.root:/toys
  r = 4.48454 +/- 0
	CLs = 0.039604 +/- 0.0197981
	CLs = 0.028097 +/- 0.0115042
	CLs = 0.0327613 +/- 0.00992881
	CLs = 0.0407308 +/- 0.00969023
	CLs = 0.035537 +/- 0.00824168
	CLs = 0.0390089 +/- 0.0079068
	CLs = 0.0368 +/- 0.00704603
	CLs = 0.0379146 +/- 0.00669523
	CLs = 0.0397986 +/- 0.00647408
	CLs = 0.0426958 +/- 0.00640985
	CLs = 0.0428622 +/- 0.00611429
	CLs = 0.0418215 +/- 0.00574178
	CLs = 0.0424293 +/- 0.00553284
	CLs = 0.0445927 +/- 0.00551899
	CLs = 0.0490409 +/- 0.0056097
	CLs = 0.0496827 +/- 0.00548648
	CLs = 0.048074 +/- 0.00524721
	CLs = 0.0483582 +/- 0.00513875
	CLs = 0.0469173 +/- 0.00490284
	CLs      = 0.0469173 +/- 0.00490284
	CLb      = 0.538462 +/- 0.0149094
	CLsplusb = 0.0252632 +/- 0.00254563

Hybrid result saved as HypoTestResult_mh120_r4.48454_814709144 in higgsCombineTest.HybridNew.mH120.13.quant0.500.root : higgsCombineTest.HybridNew.mH120.13.quant0.500.root:/toys

 -- HybridNew, before fit -- 
Limit: r < 4.30201 +/- 2.59302 [4.06915, 4.66707]
Fit to 5 points: 4.30694 +/- 0.0719513

 -- Hybrid New -- 
Limit: r < 4.30694 +/- 0.0719513 @ 95% CL
Done in 0.01 min (cpu), 0.45 min (real)
