
 -- Profile Likelihood -- 
Limit: r < 1.92181 @ 95% CL
Search for upper limit to the limit
  r = 5.76543 +/- 0
	CLs = 0 +/- 0
	CLs = 0 +/- 0
	CLs = 0 +/- 0
	CLs = 0.0025 +/- 0.0025
	CLs = 0.0020284 +/- 0.00202843
	CLs = 0.00170358 +/- 0.00170361
	CLs = 0.00146199 +/- 0.00146201
	CLs = 0.00253485 +/- 0.00179244
	CLs = 0.00226244 +/- 0.00159982
	CLs = 0.00205128 +/- 0.00145051
	CLs      = 0.00205128 +/- 0.00145051
	CLb      = 0.4875 +/- 0.0111768
	CLsplusb = 0.001 +/- 0.000706753

Hybrid result saved as HypoTestResult_mh120_r5.76543_1947549666 in higgsCombineTest.HybridNew.mH120.13.quant0.025.root : higgsCombineTest.HybridNew.mH120.13.quant0.025.root:/toys
Search for lower limit to the limit
  r = 0.576543 +/- 0
	CLs = 1 +/- 0
	CLs = 1 +/- 0
	CLs = 1 +/- 0
	CLs = 1 +/- 0
	CLs = 1 +/- 0
	CLs = 1 +/- 0
	CLs = 1 +/- 0
	CLs = 1 +/- 0
	CLs = 1 +/- 0
	CLs = 1 +/- 0
	CLs      = 1 +/- 0
	CLb      = 1 +/- 0
	CLsplusb = 1 +/- 0

Hybrid result saved as HypoTestResult_mh120_r0.576543_2842891081 in higgsCombineTest.HybridNew.mH120.13.quant0.025.root : higgsCombineTest.HybridNew.mH120.13.quant0.025.root:/toys
Now doing proper bracketing & bisection
  r = 3.08806 +/- 2.59444
	CLs = 0.03 +/- 0.0173205
	CLs = 0.040201 +/- 0.0142146
	CLs = 0.0392157 +/- 0.0113162
	CLs = 0.0493827 +/- 0.0110389
	CLs = 0.0594059 +/- 0.0108428
	CLs = 0.0594228 +/- 0.0100497
	CLs = 0.0548341 +/- 0.0088977
	CLs = 0.0534351 +/- 0.00824907
	CLs = 0.0502283 +/- 0.00757727
	CLs = 0.0469867 +/- 0.00693123
	CLs = 0.0462107 +/- 0.00653765
	CLs = 0.0456853 +/- 0.00621911
	CLs = 0.044358 +/- 0.00587686
	CLs = 0.0443491 +/- 0.00563252
	CLs = 0.0445183 +/- 0.00543837
	CLs = 0.0436681 +/- 0.00521913
	CLs = 0.0444576 +/- 0.0051344
	CLs = 0.0457589 +/- 0.00505374
	CLs = 0.0465855 +/- 0.0049667
	CLs      = 0.0465855 +/- 0.0049667
	CLb      = 0.497105 +/- 0.00811094
	CLsplusb = 0.0231579 +/- 0.00243989

Hybrid result saved as HypoTestResult_mh120_r3.08806_3104697120 in higgsCombineTest.HybridNew.mH120.13.quant0.025.root : higgsCombineTest.HybridNew.mH120.13.quant0.025.root:/toys
Trying to move the interval edges closer
  r = 1.8323 +/- 0
	CLs = 0.195876 +/- 0.0450689
	CLs      = 0.195876 +/- 0.0450689
	CLb      = 0.485 +/- 0.0353394
	CLsplusb = 0.095 +/- 0.0207334

Hybrid result saved as HypoTestResult_mh120_r1.8323_4033431923 in higgsCombineTest.HybridNew.mH120.13.quant0.025.root : higgsCombineTest.HybridNew.mH120.13.quant0.025.root:/toys
  r = 2.46018 +/- 0
	CLs = 0.102041 +/- 0.032301
	CLs = 0.0753769 +/- 0.0194659
	CLs = 0.097561 +/- 0.0184762
	CLs = 0.0867347 +/- 0.0148878
	CLs = 0.078 +/- 0.01249
	CLs = 0.0758853 +/- 0.0113173
	CLs = 0.0760563 +/- 0.0103443
	CLs = 0.0793061 +/- 0.00990982
	CLs = 0.0790646 +/- 0.00938406
	CLs      = 0.0790646 +/- 0.00938406
	CLb      = 0.498889 +/- 0.0117851
	CLsplusb = 0.0394444 +/- 0.00458794

Hybrid result saved as HypoTestResult_mh120_r2.46018_1240240663 in higgsCombineTest.HybridNew.mH120.13.quant0.025.root : higgsCombineTest.HybridNew.mH120.13.quant0.025.root:/toys
  r = 2.77412 +/- 0
	CLs = 0.0689655 +/- 0.028281
	CLs = 0.0574713 +/- 0.0182418
	CLs = 0.0557621 +/- 0.0144391
	CLs = 0.0501319 +/- 0.0115162
	CLs = 0.0559006 +/- 0.0107683
	CLs = 0.0557432 +/- 0.00970726
	CLs = 0.0550847 +/- 0.00881784
	CLs = 0.0556258 +/- 0.00838853
	CLs = 0.0574972 +/- 0.00805456
	CLs = 0.0566802 +/- 0.00757678
	CLs = 0.0570902 +/- 0.0072531
	CLs = 0.0585284 +/- 0.00699617
	CLs = 0.0560246 +/- 0.00655675
	CLs = 0.0551181 +/- 0.00628166
	CLs = 0.057047 +/- 0.00618879
	CLs = 0.0566038 +/- 0.00596762
	CLs = 0.0582294 +/- 0.00588377
	CLs = 0.0605381 +/- 0.00582685
	CLs = 0.0613108 +/- 0.0056933
	CLs = 0.0601805 +/- 0.0054942
	CLs = 0.0615165 +/- 0.00541646
	CLs = 0.0637907 +/- 0.00541231
	CLs = 0.0631905 +/- 0.00528694
	CLs = 0.0630554 +/- 0.00516821
	CLs = 0.0619684 +/- 0.00501177
	CLs = 0.0611371 +/- 0.0048811
	CLs      = 0.0611371 +/- 0.0048811
	CLb      = 0.493846 +/- 0.00693323
	CLsplusb = 0.0301923 +/- 0.00237295

Hybrid result saved as HypoTestResult_mh120_r2.77412_1189690275 in higgsCombineTest.HybridNew.mH120.13.quant0.025.root : higgsCombineTest.HybridNew.mH120.13.quant0.025.root:/toys
  r = 2.93109 +/- 0
	CLs = 0.0989011 +/- 0.0331134
	CLs = 0.0880829 +/- 0.0213961
	CLs = 0.0730897 +/- 0.0155809
	CLs = 0.0676692 +/- 0.013024
	CLs = 0.0662651 +/- 0.0115368
	CLs = 0.0690789 +/- 0.0106542
	CLs = 0.0605634 +/- 0.00923183
	CLs = 0.0625 +/- 0.00874628
	CLs = 0.061742 +/- 0.00824864
	CLs = 0.0601578 +/- 0.00769917
	CLs = 0.0573698 +/- 0.00710972
	CLs = 0.0593496 +/- 0.00694119
	CLs = 0.0606742 +/- 0.00673606
	CLs = 0.0602911 +/- 0.00645789
	CLs = 0.0577547 +/- 0.00611715
	CLs = 0.0587515 +/- 0.00599256
	CLs = 0.0561668 +/- 0.00570033
	CLs = 0.0543774 +/- 0.00543453
	CLs = 0.0540123 +/- 0.00526777
	CLs = 0.0547142 +/- 0.00516668
	CLs = 0.0549554 +/- 0.0050787
	CLs = 0.0546106 +/- 0.00494212
	CLs      = 0.0546106 +/- 0.00494212
	CLb      = 0.507727 +/- 0.00753688
	CLsplusb = 0.0277273 +/- 0.00247526

Hybrid result saved as HypoTestResult_mh120_r2.93109_2686615407 in higgsCombineTest.HybridNew.mH120.13.quant0.025.root : higgsCombineTest.HybridNew.mH120.13.quant0.025.root:/toys
  r = 4.42674 +/- 0
	CLs = 0 +/- 0
	CLs      = 0 +/- 0
	CLb      = 0.515 +/- 0.0353394
	CLsplusb = 0 +/- 0

Hybrid result saved as HypoTestResult_mh120_r4.42674_2134175375 in higgsCombineTest.HybridNew.mH120.13.quant0.025.root : higgsCombineTest.HybridNew.mH120.13.quant0.025.root:/toys
  r = 3.7574 +/- 0
	CLs = 0.0178571 +/- 0.0126134
	CLs = 0.0236967 +/- 0.0105906
	CLs = 0.0320513 +/- 0.010129
	CLs = 0.0285714 +/- 0.00824197
	CLs = 0.027027 +/- 0.00721976
	CLs      = 0.027027 +/- 0.00721976
	CLb      = 0.518 +/- 0.0158011
	CLsplusb = 0.014 +/- 0.00371537

Hybrid result saved as HypoTestResult_mh120_r3.7574_4264002867 in higgsCombineTest.HybridNew.mH120.13.quant0.025.root : higgsCombineTest.HybridNew.mH120.13.quant0.025.root:/toys
  r = 3.42273 +/- 0
	CLs = 0.0272727 +/- 0.0157244
	CLs = 0.0275229 +/- 0.0112223
	CLs = 0.0227273 +/- 0.0085875
	CLs      = 0.0227273 +/- 0.0085875
	CLb      = 0.513333 +/- 0.0204052
	CLsplusb = 0.0116667 +/- 0.00438379

Hybrid result saved as HypoTestResult_mh120_r3.42273_4277184481 in higgsCombineTest.HybridNew.mH120.13.quant0.025.root : higgsCombineTest.HybridNew.mH120.13.quant0.025.root:/toys
  r = 3.2554 +/- 0
	CLs = 0.0652174 +/- 0.0266943
	CLs = 0.0394089 +/- 0.013929
	CLs = 0.0416667 +/- 0.0115466
	CLs = 0.0509709 +/- 0.0111142
	CLs = 0.044316 +/- 0.00923274
	CLs = 0.0433387 +/- 0.0083336
	CLs = 0.0428177 +/- 0.00768464
	CLs = 0.0457831 +/- 0.00742063
	CLs = 0.044086 +/- 0.00688002
	CLs = 0.04276 +/- 0.00644231
	CLs = 0.0417778 +/- 0.00609102
	CLs = 0.039312 +/- 0.00567225
	CLs = 0.0391566 +/- 0.00542776
	CLs = 0.04 +/- 0.00529624
	CLs = 0.0413115 +/- 0.00520296
	CLs = 0.0410037 +/- 0.00500721
	CLs = 0.0408046 +/- 0.00484029
	CLs      = 0.0408046 +/- 0.00484029
	CLb      = 0.511765 +/- 0.00857256
	CLsplusb = 0.0208824 +/- 0.00245227

Hybrid result saved as HypoTestResult_mh120_r3.2554_1986398700 in higgsCombineTest.HybridNew.mH120.13.quant0.025.root : higgsCombineTest.HybridNew.mH120.13.quant0.025.root:/toys

 -- HybridNew, before fit -- 
Limit: r < 3.08806 +/- 2.59444 [2.77412, 3.42273]
Fit to 5 points: 2.99673 +/- 0.0476643

 -- Hybrid New -- 
Limit: r < 2.99673 +/- 0.0476643 @ 95% CL
Done in 0.01 min (cpu), 0.49 min (real)
