
 -- Profile Likelihood -- 
Limit: r < 1.92181 @ 95% CL
Search for upper limit to the limit
  r = 5.76543 +/- 0
	CLs = 0.045977 +/- 0.0159764
	CLs = 0.0392157 +/- 0.0103182
	CLs = 0.0405157 +/- 0.00849505
	CLs = 0.0429363 +/- 0.00757714
	CLs = 0.0435268 +/- 0.00684867
	CLs = 0.0393258 +/- 0.00597432
	CLs = 0.0402576 +/- 0.00560386
	CLs = 0.0416961 +/- 0.00534066
	CLs = 0.0408548 +/- 0.00498731
	CLs = 0.0396825 +/- 0.00467052
	CLs      = 0.0396825 +/- 0.00467052
	CLb      = 0.882 +/- 0.00721374
	CLsplusb = 0.035 +/- 0.00410944

Hybrid result saved as HypoTestResult_mh120_r5.76543_1947549666 in higgsCombineTest.HybridNew.mH120.13.quant0.840.root : higgsCombineTest.HybridNew.mH120.13.quant0.840.root:/toys
  r = 11.5309 +/- 0
	CLs = 0 +/- 0
	CLs = 0 +/- 0
	CLs = 0 +/- 0
	CLs = 0 +/- 0
	CLs = 0 +/- 0
	CLs = 0 +/- 0
	CLs = 0 +/- 0
	CLs = 0 +/- 0
	CLs = 0 +/- 0
	CLs = 0 +/- 0
	CLs      = 0 +/- 0
	CLb      = 0.8795 +/- 0.00727941
	CLsplusb = 0 +/- 0

Hybrid result saved as HypoTestResult_mh120_r11.5309_2842891081 in higgsCombineTest.HybridNew.mH120.13.quant0.840.root : higgsCombineTest.HybridNew.mH120.13.quant0.840.root:/toys
Search for lower limit to the limit
  r = 0.576543 +/- 0
	CLs = 1 +/- 0
	CLs = 1 +/- 0
	CLs = 1 +/- 0
	CLs = 1 +/- 0
	CLs = 1 +/- 0
	CLs = 1 +/- 0
	CLs = 1 +/- 0
	CLs = 1 +/- 0
	CLs = 1 +/- 0
	CLs = 1 +/- 0
	CLs      = 1 +/- 0
	CLb      = 1 +/- 0
	CLsplusb = 1 +/- 0

Hybrid result saved as HypoTestResult_mh120_r0.576543_1100713984 in higgsCombineTest.HybridNew.mH120.13.quant0.840.root : higgsCombineTest.HybridNew.mH120.13.quant0.840.root:/toys
Now doing proper bracketing & bisection
  r = 6.0537 +/- 5.47716
	CLs = 0.0465116 +/- 0.0161667
	CLs = 0.0404839 +/- 0.0106768
	CLs = 0.0404981 +/- 0.00873037
	CLs = 0.0402443 +/- 0.00751704
	CLs = 0.0355795 +/- 0.00632713
	CLs = 0.0342105 +/- 0.00564763
	CLs = 0.042425 +/- 0.00581664
	CLs = 0.0434266 +/- 0.00549619
	CLs = 0.0431746 +/- 0.00517831
	CLs = 0.0433253 +/- 0.00491518
	CLs      = 0.0433253 +/- 0.00491518
	CLb      = 0.877086 +/- 0.0127902
	CLsplusb = 0.038 +/- 0.00427528

Hybrid result saved as HypoTestResult_mh120_r6.0537_4033431923 in higgsCombineTest.HybridNew.mH120.13.quant0.840.root : higgsCombineTest.HybridNew.mH120.13.quant0.840.root:/toys
Trying to move the interval edges closer
  r = 3.31512 +/- 0
	CLs = 0.248588 +/- 0.033699
	CLs      = 0.248588 +/- 0.033699
	CLb      = 0.885 +/- 0.0225583
	CLsplusb = 0.22 +/- 0.0292916

Hybrid result saved as HypoTestResult_mh120_r3.31512_2312359393 in higgsCombineTest.HybridNew.mH120.13.quant0.840.root : higgsCombineTest.HybridNew.mH120.13.quant0.840.root:/toys
  r = 4.68441 +/- 0
	CLs = 0.0857143 +/- 0.0214082
	CLs = 0.0855682 +/- 0.0151614
	CLs = 0.0980275 +/- 0.0131511
	CLs      = 0.0980275 +/- 0.0131511
	CLb      = 0.884106 +/- 0.0184196
	CLsplusb = 0.0866667 +/- 0.0114859

Hybrid result saved as HypoTestResult_mh120_r4.68441_2681917304 in higgsCombineTest.HybridNew.mH120.13.quant0.840.root : higgsCombineTest.HybridNew.mH120.13.quant0.840.root:/toys
  r = 5.36905 +/- 0
	CLs = 0.0747126 +/- 0.0201406
	CLs = 0.0690826 +/- 0.0137767
	CLs = 0.0686364 +/- 0.0111917
	CLs = 0.0704275 +/- 0.00985548
	CLs = 0.0650508 +/- 0.00845498
	CLs = 0.0609715 +/- 0.0074939
	CLs = 0.0576661 +/- 0.00673513
	CLs = 0.059557 +/- 0.00639263
	CLs = 0.0605627 +/- 0.00604337
	CLs = 0.0591983 +/- 0.0056507
	CLs = 0.061788 +/- 0.00552087
	CLs = 0.0606189 +/- 0.00522595
	CLs = 0.0609065 +/- 0.00504429
	CLs = 0.0590711 +/- 0.00479554
	CLs      = 0.0590711 +/- 0.00479554
	CLb      = 0.88876 +/- 0.0107033
	CLsplusb = 0.0525 +/- 0.00421493

Hybrid result saved as HypoTestResult_mh120_r5.36905_2819454205 in higgsCombineTest.HybridNew.mH120.13.quant0.840.root : higgsCombineTest.HybridNew.mH120.13.quant0.840.root:/toys
  r = 8.79228 +/- 0
	CLs = 0 +/- 0
	CLs      = 0 +/- 0
	CLb      = 0.89 +/- 0.0221246
	CLsplusb = 0 +/- 0

Hybrid result saved as HypoTestResult_mh120_r8.79228_2187264497 in higgsCombineTest.HybridNew.mH120.13.quant0.840.root : higgsCombineTest.HybridNew.mH120.13.quant0.840.root:/toys
  r = 7.42299 +/- 0
	CLs = 0 +/- 0
	CLs      = 0 +/- 0
	CLb      = 0.865 +/- 0.0241635
	CLsplusb = 0 +/- 0

Hybrid result saved as HypoTestResult_mh120_r7.42299_2061083477 in higgsCombineTest.HybridNew.mH120.13.quant0.840.root : higgsCombineTest.HybridNew.mH120.13.quant0.840.root:/toys
  r = 6.73834 +/- 0
	CLs = 0.0229885 +/- 0.0113961
	CLs = 0.0175935 +/- 0.00714337
	CLs      = 0.0175935 +/- 0.00714337
	CLb      = 0.85259 +/- 0.0223768
	CLsplusb = 0.015 +/- 0.00607762

Hybrid result saved as HypoTestResult_mh120_r6.73834_2869856110 in higgsCombineTest.HybridNew.mH120.13.quant0.840.root : higgsCombineTest.HybridNew.mH120.13.quant0.840.root:/toys
  r = 6.39602 +/- 0
	CLs = 0.0294118 +/- 0.0130172
	CLs = 0.0321047 +/- 0.00958184
	CLs = 0.0271026 +/- 0.00718585
	CLs      = 0.0271026 +/- 0.00718585
	CLb      = 0.860927 +/- 0.0199114
	CLsplusb = 0.0233333 +/- 0.00616291

Hybrid result saved as HypoTestResult_mh120_r6.39602_479002105 in higgsCombineTest.HybridNew.mH120.13.quant0.840.root : higgsCombineTest.HybridNew.mH120.13.quant0.840.root:/toys
  r = 6.22486 +/- 0
	CLs = 0.0233918 +/- 0.0115984
	CLs = 0.0208175 +/- 0.00782009
	CLs      = 0.0208175 +/- 0.00782009
	CLb      = 0.840637 +/- 0.0231026
	CLsplusb = 0.0175 +/- 0.00655625

Hybrid result saved as HypoTestResult_mh120_r6.22486_1394069308 in higgsCombineTest.HybridNew.mH120.13.quant0.840.root : higgsCombineTest.HybridNew.mH120.13.quant0.840.root:/toys

 -- HybridNew, before fit -- 
Limit: r < 6.0537 +/- 5.47716 [4.68441, 6.22486]
Fit to 5 points: 5.58384 +/- 0.0727444

 -- Hybrid New -- 
Limit: r < 5.58384 +/- 0.0727444 @ 95% CL
Done in 0.00 min (cpu), 0.24 min (real)
