
 -- Profile Likelihood -- 
Limit: r < 1.92072 @ 95% CL
Search for upper limit to the limit
  r = 5.76216 +/- 0
	CLs = 0.837079 +/- 0.0404005
	CLs = 0.711599 +/- 0.035864
	CLs = 0.735967 +/- 0.0291663
	CLs = 0.744914 +/- 0.025434
	CLs = 0.768293 +/- 0.0218229
	CLs = 0.794795 +/- 0.0193672
	CLs = 0.766999 +/- 0.0197058
	CLs = 0.878557 +/- 0.0134351
	CLs = 0.602785 +/- 0.0196861
	CLs = 0.82095 +/- 0.0153773
	CLs      = 0.82095 +/- 0.0153773
	CLb      = 0.821 +/- 0.00857202
	CLsplusb = 0.674 +/- 0.0104815

Hybrid result saved as HypoTestResult_mh120_r5.76216_1947549666 in higgsCombineTest.HybridNew.mH120.13.quant0.840.root : higgsCombineTest.HybridNew.mH120.13.quant0.840.root:/toys
  r = 11.5243 +/- 0
	CLs = 0.379747 +/- 0.0432908
	CLs = 0.471875 +/- 0.0325132
	CLs = 0.816071 +/- 0.0206543
	CLs = 0.566265 +/- 0.0231103
	CLs = 0.429119 +/- 0.0203699
	CLs = 0.395022 +/- 0.018339
	CLs = 0.404473 +/- 0.0171963
	CLs = 0.549962 +/- 0.0164965
	CLs = 0.64295 +/- 0.0151723
	CLs = 0.819859 +/- 0.0117216
	CLs      = 0.819859 +/- 0.0117216
	CLb      = 0.9215 +/- 0.00601406
	CLsplusb = 0.7555 +/- 0.0096104

Hybrid result saved as HypoTestResult_mh120_r11.5243_2842891081 in higgsCombineTest.HybridNew.mH120.13.quant0.840.root : higgsCombineTest.HybridNew.mH120.13.quant0.840.root:/toys
  r = 23.0486 +/- 0
	CLs = 0.0755814 +/- 0.0203842
	CLs = 0.0690691 +/- 0.0140673
	CLs = 0.0982318 +/- 0.0134083
	CLs = 0.10162 +/- 0.0117921
	CLs = 0.0981087 +/- 0.0103969
	CLs = 0.0931373 +/- 0.00923893
	CLs = 0.059778 +/- 0.00699967
	CLs = 0.0894428 +/- 0.0078383
	CLs = 0.0587459 +/- 0.00610078
	CLs = 0.0583333 +/- 0.0057745
	CLs      = 0.0583333 +/- 0.0057745
	CLb      = 0.84 +/- 0.00819756
	CLsplusb = 0.049 +/- 0.00482696

Hybrid result saved as HypoTestResult_mh120_r23.0486_1100713984 in higgsCombineTest.HybridNew.mH120.13.quant0.840.root : higgsCombineTest.HybridNew.mH120.13.quant0.840.root:/toys
  r = 46.0973 +/- 0
	CLs = 0 +/- 0
	CLs = 0 +/- 0
	CLs = 0 +/- 0
	CLs = 0 +/- 0
	CLs = 0 +/- 0
	CLs = 0 +/- 0
	CLs = 0 +/- 0
	CLs = 0 +/- 0
	CLs = 0 +/- 0
	CLs = 0 +/- 0
	CLs      = 0 +/- 0
	CLb      = 0.847 +/- 0.00804957
	CLsplusb = 0 +/- 0

Hybrid result saved as HypoTestResult_mh120_r46.0973_4033431923 in higgsCombineTest.HybridNew.mH120.13.quant0.840.root : higgsCombineTest.HybridNew.mH120.13.quant0.840.root:/toys
Search for lower limit to the limit
  r = 0.576216 +/- 0
	CLs = 1 +/- 0
	CLs = 1 +/- 0
	CLs = 1 +/- 0
	CLs = 1 +/- 0
	CLs = 1 +/- 0
	CLs = 1 +/- 0
	CLs = 1 +/- 0
	CLs = 1 +/- 0
	CLs = 1 +/- 0
	CLs = 1 +/- 0
	CLs      = 1 +/- 0
	CLb      = 1 +/- 0
	CLsplusb = 1 +/- 0

Hybrid result saved as HypoTestResult_mh120_r0.576216_3753000189 in higgsCombineTest.HybridNew.mH120.13.quant0.840.root : higgsCombineTest.HybridNew.mH120.13.quant0.840.root:/toys
Now doing proper bracketing & bisection
  r = 23.3368 +/- 22.7605
	CLs = 0.0654762 +/- 0.0192973
	CLs = 0.0237915 +/- 0.00835264
	CLs      = 0.0237915 +/- 0.00835264
	CLb      = 0.840637 +/- 0.0231026
	CLsplusb = 0.02 +/- 0.007

Hybrid result saved as HypoTestResult_mh120_r23.3368_3383017797 in higgsCombineTest.HybridNew.mH120.13.quant0.840.root : higgsCombineTest.HybridNew.mH120.13.quant0.840.root:/toys
  r = 18.815 +/- 11.3803
	CLs = 0.0357143 +/- 0.0144022
	CLs = 0.0821028 +/- 0.0151174
	CLs = 0.130711 +/- 0.015368
	CLs      = 0.130711 +/- 0.015368
	CLb      = 0.854305 +/- 0.0203014
	CLsplusb = 0.111667 +/- 0.012858

Hybrid result saved as HypoTestResult_mh120_r18.815_845385338 in higgsCombineTest.HybridNew.mH120.13.quant0.840.root : higgsCombineTest.HybridNew.mH120.13.quant0.840.root:/toys

 -- Hybrid New -- 
Limit: r < 21.3655 +/- 0.904346 @ 95% CL
Done in 0.00 min (cpu), 0.23 min (real)
