
 -- Profile Likelihood -- 
Limit: r < 9.2401 @ 95% CL
Search for upper limit to the limit
  r = 20 +/- 0
	CLs = 0 +/- 0
	CLs      = 0 +/- 0
	CLb      = 0.98 +/- 0.00989949
	CLsplusb = 0 +/- 0

Hybrid result saved as HypoTestResult_mh120_r20_2608511150 in higgsCombineTest.HybridNew.mH120.13.quant0.975.root : higgsCombineTest.HybridNew.mH120.13.quant0.975.root:/toys
Search for lower limit to the limit
  r = 2.77203 +/- 0
	CLs = 1 +/- 0
	CLs      = 1 +/- 0
	CLb      = 1 +/- 0
	CLsplusb = 1 +/- 0

Hybrid result saved as HypoTestResult_mh120_r2.77203_3691240974 in higgsCombineTest.HybridNew.mH120.13.quant0.975.root : higgsCombineTest.HybridNew.mH120.13.quant0.975.root:/toys
Now doing proper bracketing & bisection
  r = 11.386 +/- 8.61398
	CLs = 0.005 +/- 0.00498748
	CLs      = 0.005 +/- 0.00498748
	CLb      = 1 +/- 0
	CLsplusb = 0.005 +/- 0.00498748

Hybrid result saved as HypoTestResult_mh120_r11.386_3835331424 in higgsCombineTest.HybridNew.mH120.13.quant0.975.root : higgsCombineTest.HybridNew.mH120.13.quant0.975.root:/toys
  r = 7.64248 +/- 4.30699
	CLs = 0.025 +/- 0.0110397
	CLs = 0.040201 +/- 0.00984823
	CLs = 0.0384615 +/- 0.00786509
	CLs = 0.0351317 +/- 0.0065225
	CLs = 0.0421264 +/- 0.00636269
	CLs = 0.0384615 +/- 0.00556146
	CLs = 0.0423242 +/- 0.0053933
	CLs = 0.0451694 +/- 0.00520257
	CLs = 0.0445931 +/- 0.00487399
	CLs      = 0.0445931 +/- 0.00487399
	CLb      = 0.996667 +/- 0.00135856
	CLsplusb = 0.0444444 +/- 0.00485736

Hybrid result saved as HypoTestResult_mh120_r7.64248_3410295724 in higgsCombineTest.HybridNew.mH120.13.quant0.975.root : higgsCombineTest.HybridNew.mH120.13.quant0.975.root:/toys
Trying to move the interval edges closer
  r = 5.20726 +/- 0
	CLs = 0.17 +/- 0.0265612
	CLs      = 0.17 +/- 0.0265612
	CLb      = 1 +/- 0
	CLsplusb = 0.17 +/- 0.0265612

Hybrid result saved as HypoTestResult_mh120_r5.20726_1666631908 in higgsCombineTest.HybridNew.mH120.13.quant0.975.root : higgsCombineTest.HybridNew.mH120.13.quant0.975.root:/toys
  r = 6.42487 +/- 0
	CLs = 0.1 +/- 0.0212132
	CLs = 0.10804 +/- 0.0155699
	CLs      = 0.10804 +/- 0.0155699
	CLb      = 0.995 +/- 0.00352668
	CLsplusb = 0.1075 +/- 0.0154874

Hybrid result saved as HypoTestResult_mh120_r6.42487_150480712 in higgsCombineTest.HybridNew.mH120.13.quant0.975.root : higgsCombineTest.HybridNew.mH120.13.quant0.975.root:/toys
  r = 7.03367 +/- 0
	CLs = 0.0152284 +/- 0.00872696
	CLs      = 0.0152284 +/- 0.00872696
	CLb      = 0.985 +/- 0.00859506
	CLsplusb = 0.015 +/- 0.00859506

Hybrid result saved as HypoTestResult_mh120_r7.03367_1281830707 in higgsCombineTest.HybridNew.mH120.13.quant0.975.root : higgsCombineTest.HybridNew.mH120.13.quant0.975.root:/toys
  r = 7.33808 +/- 0
	CLs = 0.0252525 +/- 0.0111527
	CLs = 0.0204604 +/- 0.00716281
	CLs      = 0.0204604 +/- 0.00716281
	CLb      = 0.9775 +/- 0.00741514
	CLsplusb = 0.02 +/- 0.007

Hybrid result saved as HypoTestResult_mh120_r7.33808_3092507537 in higgsCombineTest.HybridNew.mH120.13.quant0.975.root : higgsCombineTest.HybridNew.mH120.13.quant0.975.root:/toys
  r = 9.51425 +/- 0
	CLs = 0.035 +/- 0.0129952
	CLs = 0.0175439 +/- 0.00657283
	CLs      = 0.0175439 +/- 0.00657283
	CLb      = 0.9975 +/- 0.00249687
	CLsplusb = 0.0175 +/- 0.00655625

Hybrid result saved as HypoTestResult_mh120_r9.51425_1601395850 in higgsCombineTest.HybridNew.mH120.13.quant0.975.root : higgsCombineTest.HybridNew.mH120.13.quant0.975.root:/toys
  r = 8.57836 +/- 0
	CLs = 0.0301508 +/- 0.0121239
	CLs = 0.0226131 +/- 0.00745284
	CLs      = 0.0226131 +/- 0.00745284
	CLb      = 0.995 +/- 0.00352668
	CLsplusb = 0.0225 +/- 0.00741514

Hybrid result saved as HypoTestResult_mh120_r8.57836_1916698698 in higgsCombineTest.HybridNew.mH120.13.quant0.975.root : higgsCombineTest.HybridNew.mH120.13.quant0.975.root:/toys
  r = 8.11042 +/- 0
	CLs = 0.0201005 +/- 0.00994975
	CLs      = 0.0201005 +/- 0.00994975
	CLb      = 0.995 +/- 0.00498748
	CLsplusb = 0.02 +/- 0.00989949

Hybrid result saved as HypoTestResult_mh120_r8.11042_2278804112 in higgsCombineTest.HybridNew.mH120.13.quant0.975.root : higgsCombineTest.HybridNew.mH120.13.quant0.975.root:/toys
  r = 7.87645 +/- 0
	CLs = 0.0102041 +/- 0.00717995
	CLs      = 0.0102041 +/- 0.00717995
	CLb      = 0.98 +/- 0.00989949
	CLsplusb = 0.01 +/- 0.00703562

Hybrid result saved as HypoTestResult_mh120_r7.87645_4265961882 in higgsCombineTest.HybridNew.mH120.13.quant0.975.root : higgsCombineTest.HybridNew.mH120.13.quant0.975.root:/toys

 -- HybridNew, before fit -- 
Limit: r < 7.64248 +/- 4.30699 [7.33808, 7.87645]
Fit to 3 points: 5.66112 +/- 3.77309
  r = 7.34315 +/- 0
	CLs = 0.040404 +/- 0.0139993
	CLs = 0.028133 +/- 0.00836769
	CLs = 0.0568562 +/- 0.00947141
	CLs = 0.0243278 +/- 0.00551613
	CLs      = 0.0243278 +/- 0.00551613
	CLb      = 0.97625 +/- 0.00538353
	CLsplusb = 0.02375 +/- 0.00538353

Hybrid result saved as HypoTestResult_mh120_r7.34315_3104697120 in higgsCombineTest.HybridNew.mH120.13.quant0.975.root : higgsCombineTest.HybridNew.mH120.13.quant0.975.root:/toys
Fit to 4 points: -191.423 +/- 1136.54
  r = 7.45539 +/- 0
	CLs = 0.040201 +/- 0.0139275
	CLs = 0.037594 +/- 0.00952345
	CLs = 0.0367893 +/- 0.00769885
	CLs = 0.0351317 +/- 0.0065225
	CLs = 0.0381143 +/- 0.00606471
	CLs = 0.0359231 +/- 0.00537943
	CLs = 0.0379384 +/- 0.00511187
	CLs = 0.0381966 +/- 0.00479662
	CLs      = 0.0381966 +/- 0.00479662
	CLb      = 0.998125 +/- 0.00108152
	CLsplusb = 0.038125 +/- 0.00478745

Hybrid result saved as HypoTestResult_mh120_r7.45539_2962574547 in higgsCombineTest.HybridNew.mH120.13.quant0.975.root : higgsCombineTest.HybridNew.mH120.13.quant0.975.root:/toys
Fit to 5 points: 1.93135 +/- 22.1145
  r = 7.67716 +/- 0
	CLs = 0.0555556 +/- 0.0162883
	CLs = 0.0456853 +/- 0.0105268
	CLs = 0.0456081 +/- 0.00858025
	CLs = 0.0467172 +/- 0.00750238
	CLs = 0.0443548 +/- 0.00653919
	CLs = 0.0419463 +/- 0.00580805
	CLs = 0.0424155 +/- 0.00540519
	CLs = 0.0427673 +/- 0.0050756
	CLs = 0.0419463 +/- 0.00474225
	CLs      = 0.0419463 +/- 0.00474225
	CLb      = 0.993333 +/- 0.00191808
	CLsplusb = 0.0416667 +/- 0.00470995

Hybrid result saved as HypoTestResult_mh120_r7.67716_325203961 in higgsCombineTest.HybridNew.mH120.13.quant0.975.root : higgsCombineTest.HybridNew.mH120.13.quant0.975.root:/toys
Fit to 6 points: -784.145 +/- 3331.68
  r = 7.65852 +/- 0
	CLs = 0.035 +/- 0.0129952
	CLs = 0.0426065 +/- 0.0101122
	CLs = 0.041876 +/- 0.00819977
	CLs = 0.040201 +/- 0.00696375
	CLs = 0.0402414 +/- 0.00623496
	CLs = 0.045302 +/- 0.00602547
	CLs = 0.0423851 +/- 0.00540122
	CLs = 0.0402263 +/- 0.00492727
	CLs      = 0.0402263 +/- 0.00492727
	CLb      = 0.994375 +/- 0.00186972
	CLsplusb = 0.04 +/- 0.00489898

Hybrid result saved as HypoTestResult_mh120_r7.65852_51702 in higgsCombineTest.HybridNew.mH120.13.quant0.975.root : higgsCombineTest.HybridNew.mH120.13.quant0.975.root:/toys
Fit to 7 points: -768.934 +/- 4266.77
  r = 7.4018 +/- 0
	CLs = 0.0703518 +/- 0.0181357
	CLs = 0.0730479 +/- 0.0130675
	CLs = 0.0603015 +/- 0.00974564
	CLs = 0.0540201 +/- 0.00801468
	CLs = 0.0491968 +/- 0.00685447
	CLs = 0.0468227 +/- 0.00610971
	CLs = 0.0465616 +/- 0.00563999
	CLs = 0.0488722 +/- 0.00539746
	CLs = 0.0507812 +/- 0.00518763
	CLs = 0.0512305 +/- 0.00494214
	CLs      = 0.0512305 +/- 0.00494214
	CLb      = 0.9955 +/- 0.00149662
	CLsplusb = 0.051 +/- 0.0049193

Hybrid result saved as HypoTestResult_mh120_r7.4018_3945149694 in higgsCombineTest.HybridNew.mH120.13.quant0.975.root : higgsCombineTest.HybridNew.mH120.13.quant0.975.root:/toys
Fit to 8 points: -695.034 +/- 3584.16
  r = 7.70771 +/- 0
	CLs = 0.0304569 +/- 0.0122489
	CLs = 0.0628141 +/- 0.0121659
	CLs = 0.0618729 +/- 0.0098543
	CLs = 0.0603015 +/- 0.00843997
	CLs = 0.060423 +/- 0.00756464
	CLs = 0.054576 +/- 0.00658485
	CLs = 0.0525558 +/- 0.00598998
	CLs = 0.0516373 +/- 0.00555547
	CLs = 0.0515118 +/- 0.00523253
	CLs = 0.0509073 +/- 0.00493696
	CLs      = 0.0509073 +/- 0.00493696
	CLb      = 0.992 +/- 0.00199198
	CLsplusb = 0.0505 +/- 0.00489641

Hybrid result saved as HypoTestResult_mh120_r7.70771_3317341510 in higgsCombineTest.HybridNew.mH120.13.quant0.975.root : higgsCombineTest.HybridNew.mH120.13.quant0.975.root:/toys
Fit to 9 points: -638.744 +/- 3019.67
  r = 7.48871 +/- 0
	CLs = 0.025 +/- 0.0110397
	CLs = 0.0325815 +/- 0.00888879
	CLs = 0.0434783 +/- 0.00834063
	CLs = 0.0363409 +/- 0.0066252
	CLs = 0.0401606 +/- 0.00622218
	CLs = 0.038526 +/- 0.00557096
	CLs = 0.0380474 +/- 0.00512684
	CLs = 0.0382925 +/- 0.00480891
	CLs      = 0.0382925 +/- 0.00480891
	CLb      = 0.995625 +/- 0.00164997
	CLsplusb = 0.038125 +/- 0.00478745

Hybrid result saved as HypoTestResult_mh120_r7.48871_424141849 in higgsCombineTest.HybridNew.mH120.13.quant0.975.root : higgsCombineTest.HybridNew.mH120.13.quant0.975.root:/toys
Fit to 10 points: -641.129 +/- 2917.02
  r = 7.72268 +/- 0
	CLs = 0.0306122 +/- 0.0123124
	CLs = 0.0204082 +/- 0.00714434
	CLs      = 0.0204082 +/- 0.00714434
	CLb      = 0.98 +/- 0.007
	CLsplusb = 0.02 +/- 0.007

Hybrid result saved as HypoTestResult_mh120_r7.72268_651918745 in higgsCombineTest.HybridNew.mH120.13.quant0.975.root : higgsCombineTest.HybridNew.mH120.13.quant0.975.root:/toys
Fit to 11 points: -671.56 +/- 3016.33

 -- Hybrid New -- 
Limit: r < 7.64248 +/- 0.304403 @ 95% CL
Done in 0.01 min (cpu), 0.34 min (real)
