
 -- Profile Likelihood -- 
Limit: r < 1.92072 @ 95% CL
Search for upper limit to the limit
  r = 5.76216 +/- 0
	CLs = 0 +/- 0
	CLs = 0 +/- 0
	CLs = 0.00869565 +/- 0.00871894
	CLs = 0.00649351 +/- 0.00650646
	CLs = 0.00515464 +/- 0.00516276
	CLs = 0.00444444 +/- 0.00445061
	CLs = 0.00381679 +/- 0.00382135
	CLs = 0.00684932 +/- 0.00485372
	CLs = 0.00628931 +/- 0.00445625
	CLs = 0.00571429 +/- 0.00404811
	CLs      = 0.00571429 +/- 0.00404811
	CLb      = 0.175 +/- 0.00849632
	CLsplusb = 0.001 +/- 0.000706753

Hybrid result saved as HypoTestResult_mh120_r5.76216_1947549666 in higgsCombineTest.HybridNew.mH120.13.quant0.160.root : higgsCombineTest.HybridNew.mH120.13.quant0.160.root:/toys
Search for lower limit to the limit
  r = 0.576216 +/- 0
	CLs = 1 +/- 0
	CLs = 1 +/- 0
	CLs = 1 +/- 0
	CLs = 1 +/- 0
	CLs = 1 +/- 0
	CLs = 1 +/- 0
	CLs = 1 +/- 0
	CLs = 1 +/- 0
	CLs = 1 +/- 0
	CLs = 1 +/- 0
	CLs      = 1 +/- 0
	CLb      = 1 +/- 0
	CLsplusb = 1 +/- 0

Hybrid result saved as HypoTestResult_mh120_r0.576216_2842891081 in higgsCombineTest.HybridNew.mH120.13.quant0.160.root : higgsCombineTest.HybridNew.mH120.13.quant0.160.root:/toys
Now doing proper bracketing & bisection
  r = 3.58422 +/- 2.59297
	CLs = 0.0344828 +/- 0.0349023
	CLs = 0.0285227 +/- 0.0204936
	CLs = 0.0296078 +/- 0.0174652
	CLs = 0.0401136 +/- 0.0169114
	CLs = 0.0425263 +/- 0.0156068
	CLs = 0.0462398 +/- 0.0152776
	CLs = 0.0446709 +/- 0.0140876
	CLs = 0.0401683 +/- 0.0120858
	CLs = 0.0395596 +/- 0.0114471
	CLs = 0.0426078 +/- 0.0115332
	CLs = 0.0512266 +/- 0.0121304
	CLs = 0.0528472 +/- 0.0116975
	CLs = 0.0503046 +/- 0.0108781
	CLs = 0.0540376 +/- 0.0110763
	CLs = 0.057125 +/- 0.0111585
	CLs = 0.0599698 +/- 0.0108783
	CLs = 0.055632 +/- 0.0100465
	CLs = 0.0622417 +/- 0.0103393
	CLs = 0.0619391 +/- 0.0100552
	CLs = 0.0686855 +/- 0.0104417
	CLs = 0.0633089 +/- 0.00956438
	CLs = 0.0661979 +/- 0.00966907
	CLs = 0.0654224 +/- 0.00946894
	CLs = 0.0643039 +/- 0.00913494
	CLs = 0.0653985 +/- 0.00899806
	CLs = 0.0630342 +/- 0.00865269
	CLs = 0.0622494 +/- 0.00847348
	CLs = 0.066317 +/- 0.00867031
	CLs = 0.0699393 +/- 0.00881039
	CLs = 0.0675153 +/- 0.00842462
	CLs = 0.0669677 +/- 0.00824495
	CLs = 0.0668544 +/- 0.00812914
	CLs = 0.0663592 +/- 0.00796676
	CLs = 0.0658558 +/- 0.0078574
	CLs = 0.0650534 +/- 0.00766275
	CLs = 0.0646507 +/- 0.0075248
	CLs = 0.0635483 +/- 0.00734581
	CLs = 0.0632084 +/- 0.0072229
	CLs = 0.0647378 +/- 0.00725379
	CLs = 0.999288 +/- 0.000787616
	CLs      = 0.999288 +/- 0.000787616
	CLb      = 0.999086 +/- 0.000645759
	CLsplusb = 0.998375 +/- 0.000450328

Hybrid result saved as HypoTestResult_mh120_r3.58422_325203961 in higgsCombineTest.HybridNew.mH120.13.quant0.160.root : higgsCombineTest.HybridNew.mH120.13.quant0.160.root:/toys
  r = 4.84737 +/- 0.435588
	CLs = 0.113208 +/- 0.0474304
	CLs = 0.064359 +/- 0.0333897
	CLs = 0.0719048 +/- 0.0286076
	CLs = 0.0945536 +/- 0.0238037
	CLs = 0.0967917 +/- 0.0217339
	CLs = 0.0888138 +/- 0.0187225
	CLs = 0.0829508 +/- 0.0168414
	CLs = 0.0720259 +/- 0.0183107
	CLs = 0.0620408 +/- 0.0156411
	CLs = 0.0791656 +/- 0.0140512
	CLs = 0.0509569 +/- 0.0127356
	CLs = 0.0485853 +/- 0.0117979
	CLs = 0.0449534 +/- 0.0108812
	CLs = 0.072521 +/- 0.0112861
	CLs = 0.0411712 +/- 0.00968436
	CLs = 0.0770512 +/- 0.0109775
	CLs = 0.0409104 +/- 0.00897722
	CLs = 0.0406476 +/- 0.00873366
	CLs = 0.0397582 +/- 0.0083632
	CLs = 0.0384539 +/- 0.00808061
	CLs = 0.0392143 +/- 0.00793828
	CLs = 0.0374967 +/- 0.00757681
	CLs = 0.0376026 +/- 0.00746517
	CLs = 0.0381389 +/- 0.00732039
	CLs = 0.036987 +/- 0.00709149
	CLs = 0.0366005 +/- 0.00678956
	CLs = 0.0387872 +/- 0.00690069
	CLs = 0.0371934 +/- 0.00660456
	CLs = 0.0368789 +/- 0.00645547
	CLs = 0.0371807 +/- 0.0063371
	CLs = 0.0361885 +/- 0.00616155
	CLs = 0.0351319 +/- 0.00597451
	CLs = 0.0350338 +/- 0.00588108
	CLs = 0.0347225 +/- 0.00575353
	CLs = 0.0331875 +/- 0.0054878
	CLs      = 0.0331875 +/- 0.0054878
	CLb      = 0.172182 +/- 0.00858486
	CLsplusb = 0.00571429 +/- 0.000900923

Hybrid result saved as HypoTestResult_mh120_r4.84737_291703436 in higgsCombineTest.HybridNew.mH120.13.quant0.160.root : higgsCombineTest.HybridNew.mH120.13.quant0.160.root:/toys
  r = 4.69532 +/- 0.252629
	CLs = 0.030303 +/- 0.0306091
	CLs = 0.0427841 +/- 0.0252961
	CLs = 0.0466049 +/- 0.0215364
	CLs = 0.0551562 +/- 0.0203811
	CLs = 0.99728 +/- 0.0079815
	CLs      = 0.99728 +/- 0.0079815
	CLb      = 0.982673 +/- 0.00649191
	CLsplusb = 0.98 +/- 0.00442719

Hybrid result saved as HypoTestResult_mh120_r4.69532_592645568 in higgsCombineTest.HybridNew.mH120.13.quant0.160.root : higgsCombineTest.HybridNew.mH120.13.quant0.160.root:/toys

 -- Hybrid New -- 
Limit: r < 4.82905 +/- 0.0304094 @ 95% CL
Done in 0.01 min (cpu), 0.34 min (real)
